To honour the JVM settings for this build a single-use Daemon process will be forked. For more on this, please refer to https://docs.gradle.org/8.11/userguide/gradle_daemon.html#sec:disabling_the_daemon in the Gradle documentation.
Daemon will be stopped at the end of the build 
Configuration on demand is an incubating feature.
> Task :app:preBuild UP-TO-DATE
> Task :app:preDebugBuild UP-TO-DATE
> Task :app:mergeDebugNativeDebugMetadata NO-SOURCE
> Task :app:checkKotlinGradlePluginConfigurationErrors SKIPPED
> Task :app:checkDebugAarMetadata
> Task :app:generateDebugResValues
> Task :app:mapDebugSourceSetPaths
> Task :app:generateDebugResources
> Task :app:mergeDebugResources
> Task :app:packageDebugResources
> Task :app:parseDebugLocalResources
> Task :app:createDebugCompatibleScreenManifests
> Task :app:extractDeepLinksDebug

> Task :app:processDebugMainManifest
package="com.yunqiao.sinan" found in source AndroidManifest.xml: /workspace/YunQiaoSiNan/app/src/main/AndroidManifest.xml.
Setting the namespace via the package attribute in the source AndroidManifest.xml is no longer supported, and the value is ignored.
Recommendation: remove package="com.yunqiao.sinan" from the source AndroidManifest.xml: /workspace/YunQiaoSiNan/app/src/main/AndroidManifest.xml.

> Task :app:processDebugManifest
> Task :app:processDebugManifestForPackage
> Task :app:processDebugResources
> Task :app:compileDebugKotlin
> Task :app:javaPreCompileDebug
> Task :app:compileDebugJavaWithJavac NO-SOURCE
> Task :app:mergeDebugShaders
> Task :app:compileDebugShaders NO-SOURCE
> Task :app:generateDebugAssets UP-TO-DATE
> Task :app:mergeDebugAssets
> Task :app:compressDebugAssets
> Task :app:processDebugJavaRes
> Task :app:mergeDebugJavaResource
> Task :app:checkDebugDuplicateClasses
> Task :app:desugarDebugFileDependencies
> Task :app:mergeExtDexDebug
> Task :app:mergeLibDexDebug
> Task :app:dexBuilderDebug
> Task :app:mergeProjectDexDebug
> Task :app:mergeDebugJniLibFolders
> Task :app:mergeDebugNativeLibs

> Task :app:stripDebugDebugSymbols
Unable to strip the following libraries, packaging them as they are: libandroidx.graphics.path.so.

> Task :app:validateSigningDebug
> Task :app:writeDebugAppMetadata
> Task :app:writeDebugSigningConfigVersions
> Task :app:packageDebug
> Task :app:createDebugApkListingFileRedirect
> Task :app:assembleDebug

BUILD SUCCESSFUL in 4m 32s
34 actionable tasks: 34 executed
