Failed frontend command:
/Users/macbookpro/Desktop/Xcode-beta.app/Contents/Developer/Toolchains/XcodeDefault.xctoolchain/usr/bin/swift-frontend -frontend -emit-module -experimental-skip-non-inlinable-function-bodies-without-types /Users/macbookpro/Skybridge-Compass-2/macos/SkyBridgeCompassApp/Sources/SkyBridgeCompassApp/SkyBridgeCompassApp.swift /Users/macbookpro/Skybridge-Compass-2/macos/SkyBridgeCompassApp/Sources/SkyBridgeCompassApp/DashboardView.swift /Users/macbookpro/Skybridge-Compass-2/macos/SkyBridgeCompassApp/Sources/SkyBridgeCompassApp/DashboardViewModel.swift /Users/macbookpro/Skybridge-Compass-2/macos/SkyBridgeCompassApp/Sources/SkyBridgeCompassApp/AuthenticationView.swift /Users/macbookpro/Skybridge-Compass-2/macos/SkyBridgeCompassApp/Sources/SkyBridgeCompassApp/AuthenticationViewModel.swift /Users/macbookpro/Skybridge-Compass-2/macos/SkyBridgeCompassApp/Sources/SkyBridgeCompassApp/SiriIntents.swift /Users/macbookpro/Skybridge-Compass-2/macos/SkyBridgeCompassApp/Sources/SkyBridgeCompassApp/MissingIconHintView.swift /Users/macbookpro/Skybridge-Compass-2/macos/SkyBridgeCompassApp/Sources/SkyBridgeCore/AuthenticationService.swift /Users/macbookpro/Skybridge-Compass-2/macos/SkyBridgeCompassApp/Sources/SkyBridgeCore/BackgroundTaskCoordinator.swift /Users/macbookpro/Skybridge-Compass-2/macos/SkyBridgeCompassApp/Sources/SkyBridgeCore/DeviceDiscoveryService.swift /Users/macbookpro/Skybridge-Compass-2/macos/SkyBridgeCompassApp/Sources/SkyBridgeCore/FileTransferManager.swift /Users/macbookpro/Skybridge-Compass-2/macos/SkyBridgeCompassApp/Sources/SkyBridgeCore/IntentBridge.swift /Users/macbookpro/Skybridge-Compass-2/macos/SkyBridgeCompassApp/Sources/SkyBridgeCore/Models.swift /Users/macbookpro/Skybridge-Compass-2/macos/SkyBridgeCompassApp/Sources/SkyBridgeCore/RemoteDesktopManager.swift /Users/macbookpro/Skybridge-Compass-2/macos/SkyBridgeCompassApp/Sources/SkyBridgeCore/RemoteFrameRenderer.swift /Users/macbookpro/Skybridge-Compass-2/macos/SkyBridgeCompassApp/Sources/SkyBridgeCore/TenantAccessController.swift /Users/macbookpro/Skybridge-Compass-2/macos/SkyBridgeCompassApp/Sources/SkyBridgeCompassApp/OrderedCollectionsFallback.swift -target arm64-apple-macos14.0 -module-can-import-version BackgroundTasks 1.0.0 1.0.0 -disable-cross-import-overlay-search -swift-module-cross-import AppIntents /Users/macbookpro/Desktop/Xcode-beta.app/Contents/Developer/Platforms/MacOSX.platform/Developer/SDKs/MacOSX.sdk/System/Library/Frameworks/AppIntents.framework/Modules/AppIntents.swiftcrossimport/AppKit.swiftoverlay -swift-module-cross-import AppIntents /Users/macbookpro/Desktop/Xcode-beta.app/Contents/Developer/Platforms/MacOSX.platform/Developer/SDKs/MacOSX.sdk/System/Library/Frameworks/AppIntents.framework/Modules/AppIntents.swiftcrossimport/SwiftUI.swiftoverlay -swift-module-cross-import AppIntents /Users/macbookpro/Desktop/Xcode-beta.app/Contents/Developer/Platforms/MacOSX.platform/Developer/SDKs/MacOSX.sdk/System/Library/Frameworks/AppIntents.framework/Modules/AppIntents.swiftcrossimport/UIKit.swiftoverlay -swift-module-cross-import AppIntents /Users/macbookpro/Desktop/Xcode-beta.app/Contents/Developer/Platforms/MacOSX.platform/Developer/SDKs/MacOSX26.1.sdk/System/Library/Frameworks/AppIntents.framework/Modules/AppIntents.swiftcrossimport/AppKit.swiftoverlay -swift-module-cross-import AppIntents /Users/macbookpro/Desktop/Xcode-beta.app/Contents/Developer/Platforms/MacOSX.platform/Developer/SDKs/MacOSX26.1.sdk/System/Library/Frameworks/AppIntents.framework/Modules/AppIntents.swiftcrossimport/SwiftUI.swiftoverlay -swift-module-cross-import AppIntents /Users/macbookpro/Desktop/Xcode-beta.app/Contents/Developer/Platforms/MacOSX.platform/Developer/SDKs/MacOSX26.1.sdk/System/Library/Frameworks/AppIntents.framework/Modules/AppIntents.swiftcrossimport/UIKit.swiftoverlay -swift-module-cross-import AuthenticationServices /Users/macbookpro/Desktop/Xcode-beta.app/Contents/Developer/Platforms/MacOSX.platform/Developer/SDKs/MacOSX.sdk/System/Cryptexes/OS/System/Library/Frameworks/AuthenticationServices.framework/Modules/AuthenticationServices.swiftcrossimport/SwiftUI.swiftoverlay -swift-module-cross-import AuthenticationServices /Users/macbookpro/Desktop/Xcode-beta.app/Contents/Developer/Platforms/MacOSX.platform/Developer/SDKs/MacOSX26.1.sdk/System/Library/Frameworks/AuthenticationServices.framework/Modules/AuthenticationServices.swiftcrossimport/SwiftUI.swiftoverlay -load-resolved-plugin /Users/macbookpro/Desktop/Xcode-beta.app/Contents/Developer/Platforms/MacOSX.platform/Developer/usr/lib/swift/host/plugins/libAppIntentsMacros.dylib\#/Users/macbookpro/Desktop/Xcode-beta.app/Contents/Developer/Platforms/MacOSX.platform/Developer/usr/bin/swift-plugin-server\#AppIntentsMacros -load-resolved-plugin /Users/macbookpro/Desktop/Xcode-beta.app/Contents/Developer/Platforms/MacOSX.platform/Developer/usr/lib/swift/host/plugins/libFoundationMacros.dylib\#/Users/macbookpro/Desktop/Xcode-beta.app/Contents/Developer/Platforms/MacOSX.platform/Developer/usr/bin/swift-plugin-server\#FoundationMacros -load-resolved-plugin /Users/macbookpro/Desktop/Xcode-beta.app/Contents/Developer/Platforms/MacOSX.platform/Developer/usr/lib/swift/host/plugins/libObservationMacros.dylib\#/Users/macbookpro/Desktop/Xcode-beta.app/Contents/Developer/Platforms/MacOSX.platform/Developer/usr/bin/swift-plugin-server\#ObservationMacros -load-resolved-plugin /Users/macbookpro/Desktop/Xcode-beta.app/Contents/Developer/Platforms/MacOSX.platform/Developer/usr/lib/swift/host/plugins/libPreviewsMacros.dylib\#/Users/macbookpro/Desktop/Xcode-beta.app/Contents/Developer/Platforms/MacOSX.platform/Developer/usr/bin/swift-plugin-server\#PreviewsMacros -load-resolved-plugin /Users/macbookpro/Desktop/Xcode-beta.app/Contents/Developer/Platforms/MacOSX.platform/Developer/usr/lib/swift/host/plugins/libSwiftMacros.dylib\#/Users/macbookpro/Desktop/Xcode-beta.app/Contents/Developer/Platforms/MacOSX.platform/Developer/usr/bin/swift-plugin-server\#SwiftMacros -load-resolved-plugin /Users/macbookpro/Desktop/Xcode-beta.app/Contents/Developer/Platforms/MacOSX.platform/Developer/usr/lib/swift/host/plugins/libSwiftUIMacros.dylib\#/Users/macbookpro/Desktop/Xcode-beta.app/Contents/Developer/Platforms/MacOSX.platform/Developer/usr/bin/swift-plugin-server\#SwiftUIMacros -disable-implicit-swift-modules -Xcc -fno-implicit-modules -Xcc -fno-implicit-module-maps -explicit-swift-module-map-file /Users/macbookpro/Skybridge-Compass-2/DerivedData/Build/Intermediates.noindex/SkyBridgeCompassHost.build/Debug/SkyBridgeCompassHost.build/Objects-normal/arm64/SkyBridgeCompassHost-dependencies-1.json -Xllvm -aarch64-use-tbi -enable-objc-interop -stack-check -sdk /Users/macbookpro/Desktop/Xcode-beta.app/Contents/Developer/Platforms/MacOSX.platform/Developer/SDKs/MacOSX26.1.sdk -I /Users/macbookpro/Skybridge-Compass-2/DerivedData/Build/Products/Debug -F /Users/macbookpro/Skybridge-Compass-2/DerivedData/Build/Products/Debug -no-color-diagnostics -Xcc -fno-color-diagnostics -g -debug-info-format\=dwarf -dwarf-version\=4 -module-cache-path /Users/macbookpro/Skybridge-Compass-2/DerivedData/Build/Intermediates.noindex/SwiftExplicitPrecompiledModules -swift-version 6 -enforce-exclusivity\=checked -O -serialize-debugging-options -const-gather-protocols-file /Users/macbookpro/Skybridge-Compass-2/DerivedData/Build/Intermediates.noindex/SkyBridgeCompassHost.build/Debug/SkyBridgeCompassHost.build/Objects-normal/arm64/SkyBridgeCompassHost_const_extract_protocols.json -enable-experimental-feature DebugDescriptionMacro -empty-abi-descriptor -validate-clang-modules-once -clang-build-session-file /Users/macbookpro/Skybridge-Compass-2/DerivedData/ModuleCache.noindex/Session.modulevalidation -Xcc -working-directory -Xcc /Users/macbookpro/Skybridge-Compass-2/macos/SkyBridgeCompassApp/AppHost -file-compilation-dir /Users/macbookpro/Skybridge-Compass-2/macos/SkyBridgeCompassApp/AppHost -Xcc -ivfsstatcache -Xcc /Users/macbookpro/Skybridge-Compass-2/DerivedData/SDKStatCaches.noindex/macosx26.1-25B5057c-1ea2d9abd1b1969a29b756263880570f.sdkstatcache -Xcc -I/Users/macbookpro/Skybridge-Compass-2/DerivedData/Build/Intermediates.noindex/SkyBridgeCompassHost.build/Debug/SkyBridgeCompassHost.build/swift-overrides.hmap -Xcc -iquote -Xcc /Users/macbookpro/Skybridge-Compass-2/DerivedData/Build/Intermediates.noindex/SkyBridgeCompassHost.build/Debug/SkyBridgeCompassHost.build/SkyBridgeCompassHost-generated-files.hmap -Xcc -I/Users/macbookpro/Skybridge-Compass-2/DerivedData/Build/Intermediates.noindex/SkyBridgeCompassHost.build/Debug/SkyBridgeCompassHost.build/SkyBridgeCompassHost-own-target-headers.hmap -Xcc -I/Users/macbookpro/Skybridge-Compass-2/DerivedData/Build/Intermediates.noindex/SkyBridgeCompassHost.build/Debug/SkyBridgeCompassHost.build/SkyBridgeCompassHost-all-target-headers.hmap -Xcc -iquote -Xcc /Users/macbookpro/Skybridge-Compass-2/DerivedData/Build/Intermediates.noindex/SkyBridgeCompassHost.build/Debug/SkyBridgeCompassHost.build/SkyBridgeCompassHost-project-headers.hmap -Xcc -I/Users/macbookpro/Skybridge-Compass-2/DerivedData/Build/Products/Debug/include -Xcc -I/Users/macbookpro/Skybridge-Compass-2/DerivedData/Build/Intermediates.noindex/SkyBridgeCompassHost.build/Debug/SkyBridgeCompassHost.build/DerivedSources-normal/arm64 -Xcc -I/Users/macbookpro/Skybridge-Compass-2/DerivedData/Build/Intermediates.noindex/SkyBridgeCompassHost.build/Debug/SkyBridgeCompassHost.build/DerivedSources/arm64 -Xcc -I/Users/macbookpro/Skybridge-Compass-2/DerivedData/Build/Intermediates.noindex/SkyBridgeCompassHost.build/Debug/SkyBridgeCompassHost.build/DerivedSources -no-auto-bridging-header-chaining -module-name SkyBridgeCompassHost -frontend-parseable-output -disable-clang-spi -target-sdk-version 26.1 -target-sdk-name macosx26.1 -clang-target arm64-apple-macos26.1 -in-process-plugin-server-path /Users/macbookpro/Desktop/Xcode-beta.app/Contents/Developer/Toolchains/XcodeDefault.xctoolchain/usr/lib/swift/host/libSwiftInProcPluginServer.dylib -emit-module-doc-path /Users/macbookpro/Skybridge-Compass-2/DerivedData/Build/Intermediates.noindex/SkyBridgeCompassHost.build/Debug/SkyBridgeCompassHost.build/Objects-normal/arm64/SkyBridgeCompassHost.swiftdoc -emit-module-source-info-path /Users/macbookpro/Skybridge-Compass-2/DerivedData/Build/Intermediates.noindex/SkyBridgeCompassHost.build/Debug/SkyBridgeCompassHost.build/Objects-normal/arm64/SkyBridgeCompassHost.swiftsourceinfo -emit-objc-header-path /Users/macbookpro/Skybridge-Compass-2/DerivedData/Build/Intermediates.noindex/SkyBridgeCompassHost.build/Debug/SkyBridgeCompassHost.build/Objects-normal/arm64/SkyBridgeCompassHost-Swift.h -serialize-diagnostics-path /Users/macbookpro/Skybridge-Compass-2/DerivedData/Build/Intermediates.noindex/SkyBridgeCompassHost.build/Debug/SkyBridgeCompassHost.build/Objects-normal/arm64/SkyBridgeCompassHost-primary-emit-module.dia -emit-dependencies-path /Users/macbookpro/Skybridge-Compass-2/DerivedData/Build/Intermediates.noindex/SkyBridgeCompassHost.build/Debug/SkyBridgeCompassHost.build/Objects-normal/arm64/SkyBridgeCompassHost-primary-emit-module.d -parse-as-library -o /Users/macbookpro/Skybridge-Compass-2/DerivedData/Build/Intermediates.noindex/SkyBridgeCompassHost.build/Debug/SkyBridgeCompassHost.build/Objects-normal/arm64/SkyBridgeCompassHost.swiftmodule -emit-abi-descriptor-path /Users/macbookpro/Skybridge-Compass-2/DerivedData/Build/Intermediates.noindex/SkyBridgeCompassHost.build/Debug/SkyBridgeCompassHost.build/Objects-normal/arm64/SkyBridgeCompassHost.abi.json
/Users/macbookpro/Skybridge-Compass-2/macos/SkyBridgeCompassApp/Sources/SkyBridgeCompassApp/DashboardViewModel.swift:29:22: error: cannot find type 'RemoteTextureFeed' in scope
    var textureFeed: RemoteTextureFeed { sessionService.textureFeed }
                     ^~~~~~~~~~~~~~~~~
/Users/macbookpro/Skybridge-Compass-2/macos/SkyBridgeCompassApp/Sources/SkyBridgeCore/RemoteDesktopManager.swift:62:30: error: cannot find 'RemoteTextureFeed' in scope
    public let textureFeed = RemoteTextureFeed()
                             ^~~~~~~~~~~~~~~~~
/Users/macbookpro/Skybridge-Compass-2/macos/SkyBridgeCompassApp/Sources/SkyBridgeCore/RemoteDesktopManager.swift:215:28: error: cannot find type 'RemoteTextureFeed' in scope
    private weak var feed: RemoteTextureFeed?
                           ^~~~~~~~~~~~~~~~~
/Users/macbookpro/Skybridge-Compass-2/macos/SkyBridgeCompassApp/Sources/SkyBridgeCore/RemoteDesktopManager.swift:233:16: error: cannot find type 'RemoteTextureFeed' in scope
         feed: RemoteTextureFeed,
               ^~~~~~~~~~~~~~~~~
/Users/macbookpro/Skybridge-Compass-2/macos/SkyBridgeCompassApp/Sources/SkyBridgeCore/RemoteDesktopManager.swift:62:30: error: cannot find 'RemoteTextureFeed' in scope
    public let textureFeed = RemoteTextureFeed()
                             ^~~~~~~~~~~~~~~~~
/Users/macbookpro/Skybridge-Compass-2/macos/SkyBridgeCompassApp/Sources/SkyBridgeCore/RemoteDesktopManager.swift:215:28: error: cannot find type 'RemoteTextureFeed' in scope
    private weak var feed: RemoteTextureFeed?
                           ^~~~~~~~~~~~~~~~~
/Users/macbookpro/Skybridge-Compass-2/macos/SkyBridgeCompassApp/Sources/SkyBridgeCore/RemoteDesktopManager.swift:233:16: error: cannot find type 'RemoteTextureFeed' in scope
         feed: RemoteTextureFeed,
               ^~~~~~~~~~~~~~~~~
/Users/macbookpro/Skybridge-Compass-2/macos/SkyBridgeCompassApp/Sources/SkyBridgeCore/RemoteDesktopManager.swift:78:18: warning: main actor-isolated property 'activeSessions' can not be referenced from a Sendable closure
            self.activeSessions.values.forEach { $0.stop() }
                 ^
/Users/macbookpro/Skybridge-Compass-2/macos/SkyBridgeCompassApp/Sources/SkyBridgeCore/RemoteDesktopManager.swift:59:17: note: property declared here
    private var activeSessions: [UUID: RemoteDesktopSession] = [:]
                ^
/Users/macbookpro/Skybridge-Compass-2/macos/SkyBridgeCompassApp/Sources/SkyBridgeCore/RemoteDesktopManager.swift:78:53: warning: call to main actor-isolated instance method 'stop()' in a synchronous nonisolated context
            self.activeSessions.values.forEach { $0.stop() }
                                                    ^
/Users/macbookpro/Skybridge-Compass-2/macos/SkyBridgeCompassApp/Sources/SkyBridgeCore/RemoteDesktopManager.swift:285:10: note: calls to instance method 'stop()' from outside of its actor context are implicitly asynchronous
    func stop() {
         ^
/Users/macbookpro/Skybridge-Compass-2/macos/SkyBridgeCompassApp/Sources/SkyBridgeCore/RemoteDesktopManager.swift:79:18: warning: main actor-isolated property 'activeSessions' can not be mutated from a Sendable closure
            self.activeSessions.removeAll()
                 ^
/Users/macbookpro/Skybridge-Compass-2/macos/SkyBridgeCompassApp/Sources/SkyBridgeCore/RemoteDesktopManager.swift:59:17: note: mutation of this property is only permitted within the actor
    private var activeSessions: [UUID: RemoteDesktopSession] = [:]
                ^
/Users/macbookpro/Skybridge-Compass-2/macos/SkyBridgeCompassApp/Sources/SkyBridgeCore/RemoteDesktopManager.swift:87:31: warning: no 'async' operations occur within 'await' expression
        let credentials = try await tenantController.credentials(for: tenant.id)
                              ^
/Users/macbookpro/Skybridge-Compass-2/macos/SkyBridgeCompassApp/Sources/SkyBridgeCore/RemoteDesktopManager.swift:134:45: warning: call to main actor-isolated instance method 'focus()' in a synchronous nonisolated context
            self.activeSessions[sessionID]?.focus()
                                            ^
/Users/macbookpro/Skybridge-Compass-2/macos/SkyBridgeCompassApp/Sources/SkyBridgeCore/RemoteDesktopManager.swift:291:10: note: calls to instance method 'focus()' from outside of its actor context are implicitly asynchronous
    func focus() {
         ^
/Users/macbookpro/Skybridge-Compass-2/macos/SkyBridgeCompassApp/Sources/SkyBridgeCore/RemoteDesktopManager.swift:134:18: warning: main actor-isolated property 'activeSessions' can not be referenced from a Sendable closure
            self.activeSessions[sessionID]?.focus()
                 ^
/Users/macbookpro/Skybridge-Compass-2/macos/SkyBridgeCompassApp/Sources/SkyBridgeCore/RemoteDesktopManager.swift:59:17: note: property declared here
    private var activeSessions: [UUID: RemoteDesktopSession] = [:]
                ^
/Users/macbookpro/Skybridge-Compass-2/macos/SkyBridgeCompassApp/Sources/SkyBridgeCore/RemoteDesktopManager.swift:141:39: warning: main actor-isolated property 'activeSessions' can not be mutated from a Sendable closure
                if let session = self.activeSessions.removeValue(forKey: sessionID) {
                                      ^
/Users/macbookpro/Skybridge-Compass-2/macos/SkyBridgeCompassApp/Sources/SkyBridgeCore/RemoteDesktopManager.swift:59:17: note: mutation of this property is only permitted within the actor
    private var activeSessions: [UUID: RemoteDesktopSession] = [:]
                ^
/Users/macbookpro/Skybridge-Compass-2/macos/SkyBridgeCompassApp/Sources/SkyBridgeCore/RemoteDesktopManager.swift:142:29: warning: call to main actor-isolated instance method 'stop()' in a synchronous nonisolated context
                    session.stop()
                            ^
/Users/macbookpro/Skybridge-Compass-2/macos/SkyBridgeCompassApp/Sources/SkyBridgeCore/RemoteDesktopManager.swift:285:10: note: calls to instance method 'stop()' from outside of its actor context are implicitly asynchronous
    func stop() {
         ^
/Users/macbookpro/Skybridge-Compass-2/macos/SkyBridgeCompassApp/Sources/SkyBridgeCore/RemoteDesktopManager.swift:181:32: warning: call to main actor-isolated instance method 'fetchCpuLoad()' in a synchronous nonisolated context
            let cpuLoad = self.fetchCpuLoad()
                               ^
/Users/macbookpro/Skybridge-Compass-2/macos/SkyBridgeCompassApp/Sources/SkyBridgeCore/RemoteDesktopManager.swift:186:18: note: calls to instance method 'fetchCpuLoad()' from outside of its actor context are implicitly asynchronous
    private func fetchCpuLoad() -> Double {
                 ^
/Users/macbookpro/Skybridge-Compass-2/macos/SkyBridgeCompassApp/Sources/SkyBridgeCore/RemoteDesktopManager.swift:182:18: warning: call to main actor-isolated instance method 'refreshMetrics(cpuLoad:)' in a synchronous nonisolated context
            self.refreshMetrics(cpuLoad: cpuLoad)
                 ^
/Users/macbookpro/Skybridge-Compass-2/macos/SkyBridgeCompassApp/Sources/SkyBridgeCore/RemoteDesktopManager.swift:158:18: note: calls to instance method 'refreshMetrics(cpuLoad:)' from outside of its actor context are implicitly asynchronous
    private func refreshMetrics(cpuLoad: Double? = nil) {
                 ^
warning: Traditional headermap style is no longer supported; please migrate to using separate headermaps and set 'ALWAYS_SEARCH_USER_PATHS' to NO. (in target 'SkyBridgeCompassHost' from project 'SkyBridgeCompassHost')
