Command line invocation:
    /Users/macbookpro/Desktop/Xcode-beta.app/Contents/Developer/usr/bin/xcodebuild -scheme SkyBridgeCompassApp -destination platform=macOS -configuration Debug build

Resolve Package Graph
2025-10-09 16:18:30.125 xcodebuild[18546:1889934] [MT] IDERunDestination: Supported platforms for the buildables in the current scheme is empty.


Resolved source packages:
  swift-collections: https://github.com/apple/swift-collections @ 1.3.0
  Starscream: https://github.com/daltoniam/Starscream @ 4.0.8
  SkyBridgeCompassApp: /Users/macbookpro/Skybridge-Compass-2/macos/SkyBridgeCompassApp

--- xcodebuild: WARNING: Using the first of multiple matching destinations:
{ platform:macOS, arch:arm64, id:00006001-0018198436FA401E, name:My Mac }
{ platform:macOS, arch:x86_64, id:00006001-0018198436FA401E, name:My Mac }
{ platform:macOS, arch:arm64, variant:Mac Catalyst, id:00006001-0018198436FA401E, name:My Mac }
{ platform:macOS, arch:x86_64, variant:Mac Catalyst, id:00006001-0018198436FA401E, name:My Mac }
{ platform:macOS, arch:arm64, variant:DriverKit, id:00006001-0018198436FA401E, name:My Mac }
ComputePackagePrebuildTargetDependencyGraph

Prepare packages

CreateBuildRequest

SendProjectDescription

CreateBuildOperation

ComputeTargetDependencyGraph
note: Building targets in dependency order
note: Target dependency graph (9 targets)
    Target 'SkyBridgeCompassApp' in project 'SkyBridgeCompassApp'
        ➜ Explicit dependency on target 'FreeRDPBridge' in project 'SkyBridgeCompassApp'
        ➜ Explicit dependency on target 'SkyBridgeCore' in project 'SkyBridgeCompassApp'
        ➜ Explicit dependency on target 'Starscream' in project 'Starscream'
        ➜ Explicit dependency on target 'OrderedCollections' in project 'swift-collections'
    Target 'SkyBridgeCore' in project 'SkyBridgeCompassApp'
        ➜ Explicit dependency on target 'FreeRDPBridge' in project 'SkyBridgeCompassApp'
        ➜ Explicit dependency on target 'Starscream' in project 'Starscream'
        ➜ Explicit dependency on target 'OrderedCollections' in project 'swift-collections'
    Target 'OrderedCollections' in project 'swift-collections'
        ➜ Explicit dependency on target 'OrderedCollections' in project 'swift-collections'
        ➜ Explicit dependency on target 'InternalCollectionsUtilities' in project 'swift-collections'
    Target 'OrderedCollections' in project 'swift-collections'
        ➜ Explicit dependency on target 'InternalCollectionsUtilities' in project 'swift-collections'
    Target 'InternalCollectionsUtilities' in project 'swift-collections' (no dependencies)
    Target 'Starscream' in project 'Starscream'
        ➜ Explicit dependency on target 'Starscream' in project 'Starscream'
        ➜ Explicit dependency on target 'Starscream_Starscream' in project 'Starscream'
    Target 'Starscream' in project 'Starscream'
        ➜ Explicit dependency on target 'Starscream_Starscream' in project 'Starscream'
    Target 'Starscream_Starscream' in project 'Starscream' (no dependencies)
    Target 'FreeRDPBridge' in project 'SkyBridgeCompassApp' (no dependencies)

GatherProvisioningInputs

CreateBuildDescription

ExecuteExternalTool /Users/macbookpro/Desktop/Xcode-beta.app/Contents/Developer/Toolchains/XcodeDefault.xctoolchain/usr/bin/clang -v -E -dM -arch arm64 -isysroot /Users/macbookpro/Desktop/Xcode-beta.app/Contents/Developer/Platforms/MacOSX.platform/Developer/SDKs/MacOSX26.1.sdk -x objective-c -c /dev/null

ExecuteExternalTool /Users/macbookpro/Desktop/Xcode-beta.app/Contents/Developer/Toolchains/XcodeDefault.xctoolchain/usr/bin/clang -v -E -dM -isysroot /Users/macbookpro/Desktop/Xcode-beta.app/Contents/Developer/Platforms/MacOSX.platform/Developer/SDKs/MacOSX26.1.sdk -x c -c /dev/null

ExecuteExternalTool /Users/macbookpro/Desktop/Xcode-beta.app/Contents/Developer/Toolchains/XcodeDefault.xctoolchain/usr/bin/swiftc --version

ExecuteExternalTool /Users/macbookpro/Desktop/Xcode-beta.app/Contents/Developer/Toolchains/XcodeDefault.xctoolchain/usr/bin/clang -v -E -dM -arch arm64 -isysroot /Users/macbookpro/Desktop/Xcode-beta.app/Contents/Developer/Platforms/MacOSX.platform/Developer/SDKs/MacOSX26.1.sdk -x c -c /dev/null

ExecuteExternalTool /Users/macbookpro/Desktop/Xcode-beta.app/Contents/Developer/Toolchains/XcodeDefault.xctoolchain/usr/bin/ld -version_details

ReadFileContents /Users/macbookpro/Desktop/Xcode-beta.app/Contents/Developer/Toolchains/XcodeDefault.xctoolchain/usr/share/docc/features.json

Build description signature: 3c318ce1bce06cb08af7402c83936d73
Build description path: /Users/macbookpro/Library/Developer/Xcode/DerivedData/SkyBridgeCompassApp-eihbszerpgzptlaplprrjjpujblu/Build/Intermediates.noindex/XCBuildData/3c318ce1bce06cb08af7402c83936d73.xcbuilddata
ClangStatCache /Users/macbookpro/Desktop/Xcode-beta.app/Contents/Developer/Toolchains/XcodeDefault.xctoolchain/usr/bin/clang-stat-cache /Users/macbookpro/Desktop/Xcode-beta.app/Contents/Developer/Platforms/MacOSX.platform/Developer/SDKs/MacOSX26.1.sdk /Users/macbookpro/Library/Developer/Xcode/DerivedData/SDKStatCaches.noindex/macosx26.1-25B5057c-1ea2d9abd1b1969a29b756263880570f.sdkstatcache
    cd /Users/macbookpro/Skybridge-Compass-2/macos/SkyBridgeCompassApp/.swiftpm/xcode
    /Users/macbookpro/Desktop/Xcode-beta.app/Contents/Developer/Toolchains/XcodeDefault.xctoolchain/usr/bin/clang-stat-cache /Users/macbookpro/Desktop/Xcode-beta.app/Contents/Developer/Platforms/MacOSX.platform/Developer/SDKs/MacOSX26.1.sdk -o /Users/macbookpro/Library/Developer/Xcode/DerivedData/SDKStatCaches.noindex/macosx26.1-25B5057c-1ea2d9abd1b1969a29b756263880570f.sdkstatcache

ProcessInfoPlistFile /Users/macbookpro/Library/Developer/Xcode/DerivedData/SkyBridgeCompassApp-eihbszerpgzptlaplprrjjpujblu/Build/Products/Debug/Starscream_Starscream.bundle/Contents/Info.plist /Users/macbookpro/Library/Developer/Xcode/DerivedData/SkyBridgeCompassApp-eihbszerpgzptlaplprrjjpujblu/Build/Intermediates.noindex/Starscream.build/Debug/Starscream_Starscream.build/empty-Starscream_Starscream.plist (in target 'Starscream_Starscream' from project 'Starscream')
    cd /Users/macbookpro/Library/Developer/Xcode/DerivedData/SkyBridgeCompassApp-eihbszerpgzptlaplprrjjpujblu/SourcePackages/checkouts/Starscream
    builtin-infoPlistUtility /Users/macbookpro/Library/Developer/Xcode/DerivedData/SkyBridgeCompassApp-eihbszerpgzptlaplprrjjpujblu/Build/Intermediates.noindex/Starscream.build/Debug/Starscream_Starscream.build/empty-Starscream_Starscream.plist -producttype com.apple.product-type.bundle -expandbuildsettings -platform macosx -o /Users/macbookpro/Library/Developer/Xcode/DerivedData/SkyBridgeCompassApp-eihbszerpgzptlaplprrjjpujblu/Build/Products/Debug/Starscream_Starscream.bundle/Contents/Info.plist

SwiftDriver SkyBridgeCompassApp normal arm64 com.apple.xcode.tools.swift.compiler (in target 'SkyBridgeCompassApp' from project 'SkyBridgeCompassApp')
    cd /Users/macbookpro/Skybridge-Compass-2/macos/SkyBridgeCompassApp/.swiftpm/xcode
    builtin-SwiftDriver -- /Users/macbookpro/Desktop/Xcode-beta.app/Contents/Developer/Toolchains/XcodeDefault.xctoolchain/usr/bin/swiftc -module-name SkyBridgeCompassApp -Onone -enforce-exclusivity\=checked @/Users/macbookpro/Library/Developer/Xcode/DerivedData/SkyBridgeCompassApp-eihbszerpgzptlaplprrjjpujblu/Build/Intermediates.noindex/SkyBridgeCompassApp.build/Debug/SkyBridgeCompassApp.build/Objects-normal/arm64/SkyBridgeCompassApp.SwiftFileList -DSWIFT_PACKAGE -DDEBUG -Xcc -fmodule-map-file\=/Users/macbookpro/Library/Developer/Xcode/DerivedData/SkyBridgeCompassApp-eihbszerpgzptlaplprrjjpujblu/Build/Intermediates.noindex/GeneratedModuleMaps/FreeRDPBridge.modulemap -DXcode -plugin-path /Users/macbookpro/Desktop/Xcode-beta.app/Contents/Developer/Toolchains/XcodeDefault.xctoolchain/usr/lib/swift/host/plugins/testing -enable-experimental-feature DebugDescriptionMacro -sdk /Users/macbookpro/Desktop/Xcode-beta.app/Contents/Developer/Platforms/MacOSX.platform/Developer/SDKs/MacOSX26.1.sdk -target arm64-apple-macos14.0 -g -module-cache-path /Users/macbookpro/Library/Developer/Xcode/DerivedData/ModuleCache.noindex -Xfrontend -serialize-debugging-options -enable-testing -index-store-path /Users/macbookpro/Library/Developer/Xcode/DerivedData/SkyBridgeCompassApp-eihbszerpgzptlaplprrjjpujblu/Index.noindex/DataStore -Xcc -D_LIBCPP_HARDENING_MODE\=_LIBCPP_HARDENING_MODE_DEBUG -swift-version 6 -I /Users/macbookpro/Library/Developer/Xcode/DerivedData/SkyBridgeCompassApp-eihbszerpgzptlaplprrjjpujblu/Build/Products/Debug -Isystem /Users/macbookpro/Desktop/Xcode-beta.app/Contents/Developer/Platforms/MacOSX.platform/Developer/usr/lib -F /Users/macbookpro/Library/Developer/Xcode/DerivedData/SkyBridgeCompassApp-eihbszerpgzptlaplprrjjpujblu/Build/Products/Debug/PackageFrameworks -F /Users/macbookpro/Library/Developer/Xcode/DerivedData/SkyBridgeCompassApp-eihbszerpgzptlaplprrjjpujblu/Build/Products/Debug/PackageFrameworks -F /Users/macbookpro/Library/Developer/Xcode/DerivedData/SkyBridgeCompassApp-eihbszerpgzptlaplprrjjpujblu/Build/Products/Debug/PackageFrameworks -F /Users/macbookpro/Library/Developer/Xcode/DerivedData/SkyBridgeCompassApp-eihbszerpgzptlaplprrjjpujblu/Build/Products/Debug/PackageFrameworks -F /Users/macbookpro/Library/Developer/Xcode/DerivedData/SkyBridgeCompassApp-eihbszerpgzptlaplprrjjpujblu/Build/Products/Debug/PackageFrameworks -F /Users/macbookpro/Library/Developer/Xcode/DerivedData/SkyBridgeCompassApp-eihbszerpgzptlaplprrjjpujblu/Build/Products/Debug -F /Users/macbookpro/Desktop/Xcode-beta.app/Contents/Developer/Platforms/MacOSX.platform/Developer/Library/Frameworks -c -j10 -enable-batch-mode -incremental -Xcc -ivfsstatcache -Xcc /Users/macbookpro/Library/Developer/Xcode/DerivedData/SDKStatCaches.noindex/macosx26.1-25B5057c-1ea2d9abd1b1969a29b756263880570f.sdkstatcache -output-file-map /Users/macbookpro/Library/Developer/Xcode/DerivedData/SkyBridgeCompassApp-eihbszerpgzptlaplprrjjpujblu/Build/Intermediates.noindex/SkyBridgeCompassApp.build/Debug/SkyBridgeCompassApp.build/Objects-normal/arm64/SkyBridgeCompassApp-OutputFileMap.json -use-frontend-parseable-output -save-temps -no-color-diagnostics -explicit-module-build -module-cache-path /Users/macbookpro/Library/Developer/Xcode/DerivedData/SkyBridgeCompassApp-eihbszerpgzptlaplprrjjpujblu/Build/Intermediates.noindex/SwiftExplicitPrecompiledModules -clang-scanner-module-cache-path /Users/macbookpro/Library/Developer/Xcode/DerivedData/ModuleCache.noindex -sdk-module-cache-path /Users/macbookpro/Library/Developer/Xcode/DerivedData/ModuleCache.noindex -serialize-diagnostics -emit-dependencies -emit-module -emit-module-path /Users/macbookpro/Library/Developer/Xcode/DerivedData/SkyBridgeCompassApp-eihbszerpgzptlaplprrjjpujblu/Build/Intermediates.noindex/SkyBridgeCompassApp.build/Debug/SkyBridgeCompassApp.build/Objects-normal/arm64/SkyBridgeCompassApp.swiftmodule -validate-clang-modules-once -clang-build-session-file /Users/macbookpro/Library/Developer/Xcode/DerivedData/ModuleCache.noindex/Session.modulevalidation -package-name skybridgecompassapp -emit-const-values -Xfrontend -const-gather-protocols-file -Xfrontend /Users/macbookpro/Library/Developer/Xcode/DerivedData/SkyBridgeCompassApp-eihbszerpgzptlaplprrjjpujblu/Build/Intermediates.noindex/SkyBridgeCompassApp.build/Debug/SkyBridgeCompassApp.build/Objects-normal/arm64/SkyBridgeCompassApp_const_extract_protocols.json -Xcc -I/Users/macbookpro/Skybridge-Compass-2/macos/SkyBridgeCompassApp/Sources/FreeRDPBridge/include -Xcc -I/Users/macbookpro/Library/Developer/Xcode/DerivedData/SkyBridgeCompassApp-eihbszerpgzptlaplprrjjpujblu/Build/Products/Debug/include -Xcc -I/Users/macbookpro/Library/Developer/Xcode/DerivedData/SkyBridgeCompassApp-eihbszerpgzptlaplprrjjpujblu/Build/Intermediates.noindex/SkyBridgeCompassApp.build/Debug/SkyBridgeCompassApp.build/DerivedSources-normal/arm64 -Xcc -I/Users/macbookpro/Library/Developer/Xcode/DerivedData/SkyBridgeCompassApp-eihbszerpgzptlaplprrjjpujblu/Build/Intermediates.noindex/SkyBridgeCompassApp.build/Debug/SkyBridgeCompassApp.build/DerivedSources/arm64 -Xcc -I/Users/macbookpro/Library/Developer/Xcode/DerivedData/SkyBridgeCompassApp-eihbszerpgzptlaplprrjjpujblu/Build/Intermediates.noindex/SkyBridgeCompassApp.build/Debug/SkyBridgeCompassApp.build/DerivedSources -Xcc -DSWIFT_PACKAGE -Xcc -DDEBUG\=1 -working-directory /Users/macbookpro/Skybridge-Compass-2/macos/SkyBridgeCompassApp/.swiftpm/xcode -experimental-emit-module-separately -disable-cmo

SwiftExplicitDependencyGeneratePcm arm64 /Users/macbookpro/Library/Developer/Xcode/DerivedData/ModuleCache.noindex/SwiftUI-C0VYWHH0UHQXEOPBMWV2MULSV.pcm

SwiftExplicitDependencyGeneratePcm arm64 /Users/macbookpro/Library/Developer/Xcode/DerivedData/ModuleCache.noindex/ExtensionFoundation-2LDKKI9U5GSQI6VWY6AIUEX02.pcm

SwiftExplicitDependencyGeneratePcm arm64 /Users/macbookpro/Library/Developer/Xcode/DerivedData/ModuleCache.noindex/_LocationEssentials-1LXE3INHM4FTW0DF4T726JPMS.pcm

SwiftExplicitDependencyGeneratePcm arm64 /Users/macbookpro/Library/Developer/Xcode/DerivedData/ModuleCache.noindex/AppIntents-AYD1JBMPE0AVPB9NJNWA34DOV.pcm

SwiftExplicitDependencyGeneratePcm arm64 /Users/macbookpro/Library/Developer/Xcode/DerivedData/ModuleCache.noindex/WidgetKit-63BKJB5E6MFB0RZBDD2QWAZ94.pcm

SwiftExplicitDependencyGeneratePcm arm64 /Users/macbookpro/Library/Developer/Xcode/DerivedData/ModuleCache.noindex/Spatial-EYVVUFQTYMMDHMD54X4BT45Q.pcm

SwiftExplicitDependencyGeneratePcm arm64 /Users/macbookpro/Library/Developer/Xcode/DerivedData/ModuleCache.noindex/AuthenticationServices-BG87NG91ZD4FATY3JGQ4VNYGL.pcm

SwiftExplicitDependencyGeneratePcm arm64 /Users/macbookpro/Library/Developer/Xcode/DerivedData/ModuleCache.noindex/CoreSpotlight-5LEGBSYKJYHVPR7KZ60POSRLF.pcm

SwiftExplicitDependencyGeneratePcm arm64 /Users/macbookpro/Library/Developer/Xcode/DerivedData/ModuleCache.noindex/RelevanceKit-3U5GLCMRQGJ190UXQKK3FMXCP.pcm

SwiftExplicitDependencyGeneratePcm arm64 /Users/macbookpro/Library/Developer/Xcode/DerivedData/ModuleCache.noindex/ActivityKit-C83BCX3QWGVKSVYWEU4W21OEZ.pcm

SwiftExplicitDependencyGeneratePcm arm64 /Users/macbookpro/Library/Developer/Xcode/DerivedData/ModuleCache.noindex/CoreLocation-8WAEXYLTHWBHO3L4UM3M3ZYTP.pcm

SwiftExplicitDependencyGeneratePcm arm64 /Users/macbookpro/Library/Developer/Xcode/DerivedData/ModuleCache.noindex/Intents-40CL4OJA6RKS59HNDQ8BACYE0.pcm

SwiftEmitModule normal arm64 Emitting\ module\ for\ SkyBridgeCompassApp (in target 'SkyBridgeCompassApp' from project 'SkyBridgeCompassApp')

EmitSwiftModule normal arm64 (in target 'SkyBridgeCompassApp' from project 'SkyBridgeCompassApp')
    cd /Users/macbookpro/Skybridge-Compass-2/macos/SkyBridgeCompassApp/.swiftpm/xcode
    
/Users/macbookpro/Skybridge-Compass-2/macos/SkyBridgeCompassApp/Sources/SkyBridgeCompassApp/SiriIntents.swift:6:16: error: static property 'title' is not concurrency-safe because it is nonisolated global shared mutable state
    static var title: LocalizedStringResource = "连接云桥司南设备"
/Users/macbookpro/Skybridge-Compass-2/macos/SkyBridgeCompassApp/Sources/SkyBridgeCompassApp/SiriIntents.swift:6:16: note: convert 'title' to a 'let' constant to make 'Sendable' shared state immutable
    static var title: LocalizedStringResource = "连接云桥司南设备"
/Users/macbookpro/Skybridge-Compass-2/macos/SkyBridgeCompassApp/Sources/SkyBridgeCompassApp/SiriIntents.swift:6:16: note: add '@MainActor' to make static property 'title' part of global actor 'MainActor'
    static var title: LocalizedStringResource = "连接云桥司南设备"
/Users/macbookpro/Skybridge-Compass-2/macos/SkyBridgeCompassApp/Sources/SkyBridgeCompassApp/SiriIntents.swift:6:16: note: disable concurrency-safety checks if accesses are protected by an external synchronization mechanism
    static var title: LocalizedStringResource = "连接云桥司南设备"
/Users/macbookpro/Skybridge-Compass-2/macos/SkyBridgeCompassApp/Sources/SkyBridgeCompassApp/SiriIntents.swift:7:16: error: static property 'description' is not concurrency-safe because it is nonisolated global shared mutable state
    static var description = IntentDescription("通过Siri直接唤醒云桥司南并连接指定的远程终端。")
/Users/macbookpro/Skybridge-Compass-2/macos/SkyBridgeCompassApp/Sources/SkyBridgeCompassApp/SiriIntents.swift:7:16: note: convert 'description' to a 'let' constant to make 'Sendable' shared state immutable
    static var description = IntentDescription("通过Siri直接唤醒云桥司南并连接指定的远程终端。")
/Users/macbookpro/Skybridge-Compass-2/macos/SkyBridgeCompassApp/Sources/SkyBridgeCompassApp/SiriIntents.swift:7:16: note: add '@MainActor' to make static property 'description' part of global actor 'MainActor'
    static var description = IntentDescription("通过Siri直接唤醒云桥司南并连接指定的远程终端。")
/Users/macbookpro/Skybridge-Compass-2/macos/SkyBridgeCompassApp/Sources/SkyBridgeCompassApp/SiriIntents.swift:7:16: note: disable concurrency-safety checks if accesses are protected by an external synchronization mechanism
    static var description = IntentDescription("通过Siri直接唤醒云桥司南并连接指定的远程终端。")
/Users/macbookpro/Skybridge-Compass-2/macos/SkyBridgeCompassApp/Sources/SkyBridgeCompassApp/SiriIntents.swift:28:16: error: static property 'shortcutTileColor' is not concurrency-safe because it is nonisolated global shared mutable state
    static var shortcutTileColor: ShortcutTileColor = .blue
               ^
/Users/macbookpro/Skybridge-Compass-2/macos/SkyBridgeCompassApp/Sources/SkyBridgeCompassApp/SiriIntents.swift:28:16: note: convert 'shortcutTileColor' to a 'let' constant to make 'Sendable' shared state immutable
    static var shortcutTileColor: ShortcutTileColor = .blue
           ~~~ ^
           let
/Users/macbookpro/Skybridge-Compass-2/macos/SkyBridgeCompassApp/Sources/SkyBridgeCompassApp/SiriIntents.swift:28:16: note: add '@MainActor' to make static property 'shortcutTileColor' part of global actor 'MainActor'
    static var shortcutTileColor: ShortcutTileColor = .blue
               ^
    @MainActor 
/Users/macbookpro/Skybridge-Compass-2/macos/SkyBridgeCompassApp/Sources/SkyBridgeCompassApp/SiriIntents.swift:28:16: note: disable concurrency-safety checks if accesses are protected by an external synchronization mechanism
    static var shortcutTileColor: ShortcutTileColor = .blue
               ^
    nonisolated(unsafe) 

Failed frontend command:
/Users/macbookpro/Desktop/Xcode-beta.app/Contents/Developer/Toolchains/XcodeDefault.xctoolchain/usr/bin/swift-frontend -frontend -emit-module -experimental-skip-non-inlinable-function-bodies-without-types /Users/macbookpro/Skybridge-Compass-2/macos/SkyBridgeCompassApp/Sources/SkyBridgeCompassApp/AuthenticationView.swift /Users/macbookpro/Skybridge-Compass-2/macos/SkyBridgeCompassApp/Sources/SkyBridgeCompassApp/AuthenticationViewModel.swift /Users/macbookpro/Skybridge-Compass-2/macos/SkyBridgeCompassApp/Sources/SkyBridgeCompassApp/DashboardView.swift /Users/macbookpro/Skybridge-Compass-2/macos/SkyBridgeCompassApp/Sources/SkyBridgeCompassApp/DashboardViewModel.swift /Users/macbookpro/Skybridge-Compass-2/macos/SkyBridgeCompassApp/Sources/SkyBridgeCompassApp/SiriIntents.swift /Users/macbookpro/Skybridge-Compass-2/macos/SkyBridgeCompassApp/Sources/SkyBridgeCompassApp/SkyBridgeCompassApp.swift -target arm64-apple-macos14.0 -disable-cross-import-overlay-search -swift-module-cross-import AppIntents /Users/macbookpro/Desktop/Xcode-beta.app/Contents/Developer/Platforms/MacOSX.platform/Developer/SDKs/MacOSX.sdk/System/Library/Frameworks/AppIntents.framework/Modules/AppIntents.swiftcrossimport/AppKit.swiftoverlay -swift-module-cross-import AppIntents /Users/macbookpro/Desktop/Xcode-beta.app/Contents/Developer/Platforms/MacOSX.platform/Developer/SDKs/MacOSX.sdk/System/Library/Frameworks/AppIntents.framework/Modules/AppIntents.swiftcrossimport/SwiftUI.swiftoverlay -swift-module-cross-import AppIntents /Users/macbookpro/Desktop/Xcode-beta.app/Contents/Developer/Platforms/MacOSX.platform/Developer/SDKs/MacOSX.sdk/System/Library/Frameworks/AppIntents.framework/Modules/AppIntents.swiftcrossimport/UIKit.swiftoverlay -swift-module-cross-import AppIntents /Users/macbookpro/Desktop/Xcode-beta.app/Contents/Developer/Platforms/MacOSX.platform/Developer/SDKs/MacOSX26.1.sdk/System/Library/Frameworks/AppIntents.framework/Modules/AppIntents.swiftcrossimport/AppKit.swiftoverlay -swift-module-cross-import AppIntents /Users/macbookpro/Desktop/Xcode-beta.app/Contents/Developer/Platforms/MacOSX.platform/Developer/SDKs/MacOSX26.1.sdk/System/Library/Frameworks/AppIntents.framework/Modules/AppIntents.swiftcrossimport/SwiftUI.swiftoverlay -swift-module-cross-import AppIntents /Users/macbookpro/Desktop/Xcode-beta.app/Contents/Developer/Platforms/MacOSX.platform/Developer/SDKs/MacOSX26.1.sdk/System/Library/Frameworks/AppIntents.framework/Modules/AppIntents.swiftcrossimport/UIKit.swiftoverlay -swift-module-cross-import AuthenticationServices /Users/macbookpro/Desktop/Xcode-beta.app/Contents/Developer/Platforms/MacOSX.platform/Developer/SDKs/MacOSX.sdk/System/Cryptexes/OS/System/Library/Frameworks/AuthenticationServices.framework/Modules/AuthenticationServices.swiftcrossimport/SwiftUI.swiftoverlay -swift-module-cross-import AuthenticationServices /Users/macbookpro/Desktop/Xcode-beta.app/Contents/Developer/Platforms/MacOSX.platform/Developer/SDKs/MacOSX26.1.sdk/System/Library/Frameworks/AuthenticationServices.framework/Modules/AuthenticationServices.swiftcrossimport/SwiftUI.swiftoverlay -load-resolved-plugin /Users/macbookpro/Desktop/Xcode-beta.app/Contents/Developer/Platforms/MacOSX.platform/Developer/usr/lib/swift/host/plugins/libAppIntentsMacros.dylib\#/Users/macbookpro/Desktop/Xcode-beta.app/Contents/Developer/Platforms/MacOSX.platform/Developer/usr/bin/swift-plugin-server\#AppIntentsMacros -load-resolved-plugin /Users/macbookpro/Desktop/Xcode-beta.app/Contents/Developer/Platforms/MacOSX.platform/Developer/usr/lib/swift/host/plugins/libFoundationMacros.dylib\#/Users/macbookpro/Desktop/Xcode-beta.app/Contents/Developer/Platforms/MacOSX.platform/Developer/usr/bin/swift-plugin-server\#FoundationMacros -load-resolved-plugin /Users/macbookpro/Desktop/Xcode-beta.app/Contents/Developer/Platforms/MacOSX.platform/Developer/usr/lib/swift/host/plugins/libObservationMacros.dylib\#/Users/macbookpro/Desktop/Xcode-beta.app/Contents/Developer/Platforms/MacOSX.platform/Developer/usr/bin/swift-plugin-server\#ObservationMacros -load-resolved-plugin /Users/macbookpro/Desktop/Xcode-beta.app/Contents/Developer/Platforms/MacOSX.platform/Developer/usr/lib/swift/host/plugins/libPreviewsMacros.dylib\#/Users/macbookpro/Desktop/Xcode-beta.app/Contents/Developer/Platforms/MacOSX.platform/Developer/usr/bin/swift-plugin-server\#PreviewsMacros -load-resolved-plugin /Users/macbookpro/Desktop/Xcode-beta.app/Contents/Developer/Platforms/MacOSX.platform/Developer/usr/lib/swift/host/plugins/libSwiftMacros.dylib\#/Users/macbookpro/Desktop/Xcode-beta.app/Contents/Developer/Platforms/MacOSX.platform/Developer/usr/bin/swift-plugin-server\#SwiftMacros -load-resolved-plugin /Users/macbookpro/Desktop/Xcode-beta.app/Contents/Developer/Platforms/MacOSX.platform/Developer/usr/lib/swift/host/plugins/libSwiftUIMacros.dylib\#/Users/macbookpro/Desktop/Xcode-beta.app/Contents/Developer/Platforms/MacOSX.platform/Developer/usr/bin/swift-plugin-server\#SwiftUIMacros -disable-implicit-swift-modules -Xcc -fno-implicit-modules -Xcc -fno-implicit-module-maps -explicit-swift-module-map-file /Users/macbookpro/Library/Developer/Xcode/DerivedData/SkyBridgeCompassApp-eihbszerpgzptlaplprrjjpujblu/Build/Intermediates.noindex/SkyBridgeCompassApp.build/Debug/SkyBridgeCompassApp.build/Objects-normal/arm64/SkyBridgeCompassApp-dependencies-1.json -Xllvm -aarch64-use-tbi -enable-objc-interop -stack-check -sdk /Users/macbookpro/Desktop/Xcode-beta.app/Contents/Developer/Platforms/MacOSX.platform/Developer/SDKs/MacOSX26.1.sdk -I /Users/macbookpro/Library/Developer/Xcode/DerivedData/SkyBridgeCompassApp-eihbszerpgzptlaplprrjjpujblu/Build/Products/Debug -Isystem /Users/macbookpro/Desktop/Xcode-beta.app/Contents/Developer/Platforms/MacOSX.platform/Developer/usr/lib -F /Users/macbookpro/Library/Developer/Xcode/DerivedData/SkyBridgeCompassApp-eihbszerpgzptlaplprrjjpujblu/Build/Products/Debug/PackageFrameworks -F /Users/macbookpro/Library/Developer/Xcode/DerivedData/SkyBridgeCompassApp-eihbszerpgzptlaplprrjjpujblu/Build/Products/Debug/PackageFrameworks -F /Users/macbookpro/Library/Developer/Xcode/DerivedData/SkyBridgeCompassApp-eihbszerpgzptlaplprrjjpujblu/Build/Products/Debug/PackageFrameworks -F /Users/macbookpro/Library/Developer/Xcode/DerivedData/SkyBridgeCompassApp-eihbszerpgzptlaplprrjjpujblu/Build/Products/Debug/PackageFrameworks -F /Users/macbookpro/Library/Developer/Xcode/DerivedData/SkyBridgeCompassApp-eihbszerpgzptlaplprrjjpujblu/Build/Products/Debug/PackageFrameworks -F /Users/macbookpro/Library/Developer/Xcode/DerivedData/SkyBridgeCompassApp-eihbszerpgzptlaplprrjjpujblu/Build/Products/Debug -F /Users/macbookpro/Desktop/Xcode-beta.app/Contents/Developer/Platforms/MacOSX.platform/Developer/Library/Frameworks -no-color-diagnostics -Xcc -fno-color-diagnostics -enable-testing -g -debug-info-format\=dwarf -dwarf-version\=4 -module-cache-path /Users/macbookpro/Library/Developer/Xcode/DerivedData/SkyBridgeCompassApp-eihbszerpgzptlaplprrjjpujblu/Build/Intermediates.noindex/SwiftExplicitPrecompiledModules -swift-version 6 -enforce-exclusivity\=checked -Onone -D SWIFT_PACKAGE -D DEBUG -D Xcode -serialize-debugging-options -const-gather-protocols-file /Users/macbookpro/Library/Developer/Xcode/DerivedData/SkyBridgeCompassApp-eihbszerpgzptlaplprrjjpujblu/Build/Intermediates.noindex/SkyBridgeCompassApp.build/Debug/SkyBridgeCompassApp.build/Objects-normal/arm64/SkyBridgeCompassApp_const_extract_protocols.json -enable-experimental-feature DebugDescriptionMacro -empty-abi-descriptor -validate-clang-modules-once -clang-build-session-file /Users/macbookpro/Library/Developer/Xcode/DerivedData/ModuleCache.noindex/Session.modulevalidation -Xcc -working-directory -Xcc /Users/macbookpro/Skybridge-Compass-2/macos/SkyBridgeCompassApp/.swiftpm/xcode -enable-anonymous-context-mangled-names -file-compilation-dir /Users/macbookpro/Skybridge-Compass-2/macos/SkyBridgeCompassApp/.swiftpm/xcode -Xcc -fmodule-map-file\=/Users/macbookpro/Library/Developer/Xcode/DerivedData/SkyBridgeCompassApp-eihbszerpgzptlaplprrjjpujblu/Build/Intermediates.noindex/GeneratedModuleMaps/FreeRDPBridge.modulemap -Xcc -D_LIBCPP_HARDENING_MODE\=_LIBCPP_HARDENING_MODE_DEBUG -Xcc -ivfsstatcache -Xcc /Users/macbookpro/Library/Developer/Xcode/DerivedData/SDKStatCaches.noindex/macosx26.1-25B5057c-1ea2d9abd1b1969a29b756263880570f.sdkstatcache -Xcc -I/Users/macbookpro/Skybridge-Compass-2/macos/SkyBridgeCompassApp/Sources/FreeRDPBridge/include -Xcc -I/Users/macbookpro/Library/Developer/Xcode/DerivedData/SkyBridgeCompassApp-eihbszerpgzptlaplprrjjpujblu/Build/Products/Debug/include -Xcc -I/Users/macbookpro/Library/Developer/Xcode/DerivedData/SkyBridgeCompassApp-eihbszerpgzptlaplprrjjpujblu/Build/Intermediates.noindex/SkyBridgeCompassApp.build/Debug/SkyBridgeCompassApp.build/DerivedSources-normal/arm64 -Xcc -I/Users/macbookpro/Library/Developer/Xcode/DerivedData/SkyBridgeCompassApp-eihbszerpgzptlaplprrjjpujblu/Build/Intermediates.noindex/SkyBridgeCompassApp.build/Debug/SkyBridgeCompassApp.build/DerivedSources/arm64 -Xcc -I/Users/macbookpro/Library/Developer/Xcode/DerivedData/SkyBridgeCompassApp-eihbszerpgzptlaplprrjjpujblu/Build/Intermediates.noindex/SkyBridgeCompassApp.build/Debug/SkyBridgeCompassApp.build/DerivedSources -Xcc -DSWIFT_PACKAGE -Xcc -DDEBUG\=1 -no-auto-bridging-header-chaining -module-name SkyBridgeCompassApp -package-name skybridgecompassapp -frontend-parseable-output -disable-clang-spi -target-sdk-version 26.1 -target-sdk-name macosx26.1 -clang-target arm64-apple-macos26.1 -in-process-plugin-server-path /Users/macbookpro/Desktop/Xcode-beta.app/Contents/Developer/Toolchains/XcodeDefault.xctoolchain/usr/lib/swift/host/libSwiftInProcPluginServer.dylib -emit-module-doc-path /Users/macbookpro/Library/Developer/Xcode/DerivedData/SkyBridgeCompassApp-eihbszerpgzptlaplprrjjpujblu/Build/Intermediates.noindex/SkyBridgeCompassApp.build/Debug/SkyBridgeCompassApp.build/Objects-normal/arm64/SkyBridgeCompassApp.swiftdoc -emit-module-source-info-path /Users/macbookpro/Library/Developer/Xcode/DerivedData/SkyBridgeCompassApp-eihbszerpgzptlaplprrjjpujblu/Build/Intermediates.noindex/SkyBridgeCompassApp.build/Debug/SkyBridgeCompassApp.build/Objects-normal/arm64/SkyBridgeCompassApp.swiftsourceinfo -serialize-diagnostics-path /Users/macbookpro/Library/Developer/Xcode/DerivedData/SkyBridgeCompassApp-eihbszerpgzptlaplprrjjpujblu/Build/Intermediates.noindex/SkyBridgeCompassApp.build/Debug/SkyBridgeCompassApp.build/Objects-normal/arm64/SkyBridgeCompassApp-primary-emit-module.dia -emit-dependencies-path /Users/macbookpro/Library/Developer/Xcode/DerivedData/SkyBridgeCompassApp-eihbszerpgzptlaplprrjjpujblu/Build/Intermediates.noindex/SkyBridgeCompassApp.build/Debug/SkyBridgeCompassApp.build/Objects-normal/arm64/SkyBridgeCompassApp-primary-emit-module.d -o /Users/macbookpro/Library/Developer/Xcode/DerivedData/SkyBridgeCompassApp-eihbszerpgzptlaplprrjjpujblu/Build/Intermediates.noindex/SkyBridgeCompassApp.build/Debug/SkyBridgeCompassApp.build/Objects-normal/arm64/SkyBridgeCompassApp.swiftmodule -emit-abi-descriptor-path /Users/macbookpro/Library/Developer/Xcode/DerivedData/SkyBridgeCompassApp-eihbszerpgzptlaplprrjjpujblu/Build/Intermediates.noindex/SkyBridgeCompassApp.build/Debug/SkyBridgeCompassApp.build/Objects-normal/arm64/SkyBridgeCompassApp.abi.json
SwiftCompile normal arm64 Compiling\ AuthenticationView.swift /Users/macbookpro/Skybridge-Compass-2/macos/SkyBridgeCompassApp/Sources/SkyBridgeCompassApp/AuthenticationView.swift (in target 'SkyBridgeCompassApp' from project 'SkyBridgeCompassApp')
SwiftCompile normal arm64 /Users/macbookpro/Skybridge-Compass-2/macos/SkyBridgeCompassApp/Sources/SkyBridgeCompassApp/AuthenticationView.swift (in target 'SkyBridgeCompassApp' from project 'SkyBridgeCompassApp')
    cd /Users/macbookpro/Skybridge-Compass-2/macos/SkyBridgeCompassApp/.swiftpm/xcode
    

SwiftCompile normal arm64 Compiling\ SiriIntents.swift /Users/macbookpro/Skybridge-Compass-2/macos/SkyBridgeCompassApp/Sources/SkyBridgeCompassApp/SiriIntents.swift (in target 'SkyBridgeCompassApp' from project 'SkyBridgeCompassApp')

SwiftCompile normal arm64 /Users/macbookpro/Skybridge-Compass-2/macos/SkyBridgeCompassApp/Sources/SkyBridgeCompassApp/SiriIntents.swift (in target 'SkyBridgeCompassApp' from project 'SkyBridgeCompassApp')
    cd /Users/macbookpro/Skybridge-Compass-2/macos/SkyBridgeCompassApp/.swiftpm/xcode
    

SwiftCompile normal arm64 Compiling\ DashboardView.swift /Users/macbookpro/Skybridge-Compass-2/macos/SkyBridgeCompassApp/Sources/SkyBridgeCompassApp/DashboardView.swift (in target 'SkyBridgeCompassApp' from project 'SkyBridgeCompassApp')

SwiftCompile normal arm64 /Users/macbookpro/Skybridge-Compass-2/macos/SkyBridgeCompassApp/Sources/SkyBridgeCompassApp/DashboardView.swift (in target 'SkyBridgeCompassApp' from project 'SkyBridgeCompassApp')
    cd /Users/macbookpro/Skybridge-Compass-2/macos/SkyBridgeCompassApp/.swiftpm/xcode
    

SwiftCompile normal arm64 Compiling\ AuthenticationViewModel.swift /Users/macbookpro/Skybridge-Compass-2/macos/SkyBridgeCompassApp/Sources/SkyBridgeCompassApp/AuthenticationViewModel.swift (in target 'SkyBridgeCompassApp' from project 'SkyBridgeCompassApp')
SwiftCompile normal arm64 /Users/macbookpro/Skybridge-Compass-2/macos/SkyBridgeCompassApp/Sources/SkyBridgeCompassApp/AuthenticationViewModel.swift (in target 'SkyBridgeCompassApp' from project 'SkyBridgeCompassApp')
    cd /Users/macbookpro/Skybridge-Compass-2/macos/SkyBridgeCompassApp/.swiftpm/xcode
    

SwiftCompile normal arm64 Compiling\ SkyBridgeCompassApp.swift /Users/macbookpro/Skybridge-Compass-2/macos/SkyBridgeCompassApp/Sources/SkyBridgeCompassApp/SkyBridgeCompassApp.swift (in target 'SkyBridgeCompassApp' from project 'SkyBridgeCompassApp')
SwiftCompile normal arm64 /Users/macbookpro/Skybridge-Compass-2/macos/SkyBridgeCompassApp/Sources/SkyBridgeCompassApp/SkyBridgeCompassApp.swift (in target 'SkyBridgeCompassApp' from project 'SkyBridgeCompassApp')
    cd /Users/macbookpro/Skybridge-Compass-2/macos/SkyBridgeCompassApp/.swiftpm/xcode
    

SwiftCompile normal arm64 Compiling\ DashboardViewModel.swift /Users/macbookpro/Skybridge-Compass-2/macos/SkyBridgeCompassApp/Sources/SkyBridgeCompassApp/DashboardViewModel.swift (in target 'SkyBridgeCompassApp' from project 'SkyBridgeCompassApp')

SwiftCompile normal arm64 /Users/macbookpro/Skybridge-Compass-2/macos/SkyBridgeCompassApp/Sources/SkyBridgeCompassApp/DashboardViewModel.swift (in target 'SkyBridgeCompassApp' from project 'SkyBridgeCompassApp')
    cd /Users/macbookpro/Skybridge-Compass-2/macos/SkyBridgeCompassApp/.swiftpm/xcode
    

** BUILD FAILED **


The following build commands failed:
	EmitSwiftModule normal arm64 (in target 'SkyBridgeCompassApp' from project 'SkyBridgeCompassApp')
	SwiftEmitModule normal arm64 Emitting\ module\ for\ SkyBridgeCompassApp (in target 'SkyBridgeCompassApp' from project 'SkyBridgeCompassApp')
	Building workspace SkyBridgeCompassApp with scheme SkyBridgeCompassApp and configuration Debug
(3 failures)
